# JRE version: OpenJDK Runtime Environment (8.0_152-b02) (build 1.8.0_152-release-1024-b02)
# Java VM: OpenJDK 64-Bit Server VM (25.152-b02 mixed mode windows-amd64 compressed oops)
Heap:
 PSYoungGen      total 160768K, used 48711K [0x00000000e0000000, 0x00000000ef080000, 0x0000000100000000)
  eden space 139776K, 34% used [0x00000000e0000000,0x00000000e2f91cd8,0x00000000e8880000)
  from space 20992K, 0% used [0x00000000e8880000,0x00000000e8880000,0x00000000e9d00000)
  to   space 22016K, 0% used [0x00000000edb00000,0x00000000edb00000,0x00000000ef080000)
 ParOldGen       total 174080K, used 44291K [0x00000000a0000000, 0x00000000aaa00000, 0x00000000e0000000)
  object space 174080K, 25% used [0x00000000a0000000,0x00000000a2b40f40,0x00000000aaa00000)
 Metaspace       used 58279K, capacity 60086K, committed 60308K, reserved 1101824K
  class space    used 8038K, capacity 8531K, committed 8596K, reserved 1048576K
GC Heap History (10 events):
Event: 12.705 GC heap before
{Heap before GC invocations=10 (full 2):
 PSYoungGen      total 88576K, used 77312K [0x00000000e0000000, 0x00000000e8e00000, 0x0000000100000000)
  eden space 77312K, 100% used [0x00000000e0000000,0x00000000e4b80000,0x00000000e4b80000)
  from space 11264K, 0% used [0x00000000e4b80000,0x00000000e4b80000,0x00000000e5680000)
  to   space 13824K, 0% used [0x00000000e8080000,0x00000000e8080000,0x00000000e8e00000)
 ParOldGen       total 122880K, used 19528K [0x00000000a0000000, 0x00000000a7800000, 0x00000000e0000000)
  object space 122880K, 15% used [0x00000000a0000000,0x00000000a13122e0,0x00000000a7800000)
 Metaspace       used 41777K, capacity 42614K, committed 42880K, reserved 1085440K
  class space    used 5614K, capacity 5884K, committed 6016K, reserved 1048576K
Event: 12.723 GC heap after
Heap after GC invocations=10 (full 2):
 PSYoungGen      total 122880K, used 8542K [0x00000000e0000000, 0x00000000e8900000, 0x0000000100000000)
  eden space 114176K, 0% used [0x00000000e0000000,0x00000000e0000000,0x00000000e6f80000)
  from space 8704K, 98% used [0x00000000e8080000,0x00000000e88d7800,0x00000000e8900000)
  to   space 12800K, 0% used [0x00000000e7000000,0x00000000e7000000,0x00000000e7c80000)
 ParOldGen       total 122880K, used 19536K [0x00000000a0000000, 0x00000000a7800000, 0x00000000e0000000)
  object space 122880K, 15% used [0x00000000a0000000,0x00000000a13142e0,0x00000000a7800000)
 Metaspace       used 41777K, capacity 42614K, committed 42880K, reserved 1085440K
  class space    used 5614K, capacity 5884K, committed 6016K, reserved 1048576K
}
Event: 15.178 GC heap before
{Heap before GC invocations=11 (full 2):
 PSYoungGen      total 122880K, used 122718K [0x00000000e0000000, 0x00000000e8900000, 0x0000000100000000)
  eden space 114176K, 100% used [0x00000000e0000000,0x00000000e6f80000,0x00000000e6f80000)
  from space 8704K, 98% used [0x00000000e8080000,0x00000000e88d7800,0x00000000e8900000)
  to   space 12800K, 0% used [0x00000000e7000000,0x00000000e7000000,0x00000000e7c80000)
 ParOldGen       total 122880K, used 19536K [0x00000000a0000000, 0x00000000a7800000, 0x00000000e0000000)
  object space 122880K, 15% used [0x00000000a0000000,0x00000000a13142e0,0x00000000a7800000)
 Metaspace       used 50996K, capacity 52138K, committed 52352K, reserved 1093632K
  class space    used 6858K, capacity 7212K, committed 7296K, reserved 1048576K
Event: 15.200 GC heap after
Heap after GC invocations=11 (full 2):
 PSYoungGen      total 127488K, used 12791K [0x00000000e0000000, 0x00000000eac80000, 0x0000000100000000)
  eden space 114688K, 0% used [0x00000000e0000000,0x00000000e0000000,0x00000000e7000000)
  from space 12800K, 99% used [0x00000000e7000000,0x00000000e7c7de70,0x00000000e7c80000)
  to   space 15872K, 0% used [0x00000000e9d00000,0x00000000e9d00000,0x00000000eac80000)
 ParOldGen       total 122880K, used 23960K [0x00000000a0000000, 0x00000000a7800000, 0x00000000e0000000)
  object space 122880K, 19% used [0x00000000a0000000,0x00000000a1766150,0x00000000a7800000)
 Metaspace       used 50996K, capacity 52138K, committed 52352K, reserved 1093632K
  class space    used 6858K, capacity 7212K, committed 7296K, reserved 1048576K
}
Event: 17.632 GC heap before
{Heap before GC invocations=12 (full 2):
 PSYoungGen      total 127488K, used 127479K [0x00000000e0000000, 0x00000000eac80000, 0x0000000100000000)
  eden space 114688K, 100% used [0x00000000e0000000,0x00000000e7000000,0x00000000e7000000)
  from space 12800K, 99% used [0x00000000e7000000,0x00000000e7c7de70,0x00000000e7c80000)
  to   space 15872K, 0% used [0x00000000e9d00000,0x00000000e9d00000,0x00000000eac80000)
 ParOldGen       total 122880K, used 23960K [0x00000000a0000000, 0x00000000a7800000, 0x00000000e0000000)
  object space 122880K, 19% used [0x00000000a0000000,0x00000000a1766150,0x00000000a7800000)
 Metaspace       used 57033K, capacity 58838K, committed 59008K, reserved 1099776K
  class space    used 7842K, capacity 8311K, committed 8320K, reserved 1048576K
Event: 17.664 GC heap after
Heap after GC invocations=12 (full 2):
 PSYoungGen      total 155648K, used 15868K [0x00000000e0000000, 0x00000000eb700000, 0x0000000100000000)
  eden space 139776K, 0% used [0x00000000e0000000,0x00000000e0000000,0x00000000e8880000)
  from space 15872K, 99% used [0x00000000e9d00000,0x00000000eac7f338,0x00000000eac80000)
  to   space 20992K, 0% used [0x00000000e8880000,0x00000000e8880000,0x00000000e9d00000)
 ParOldGen       total 122880K, used 32303K [0x00000000a0000000, 0x00000000a7800000, 0x00000000e0000000)
  object space 122880K, 26% used [0x00000000a0000000,0x00000000a1f8bd80,0x00000000a7800000)
 Metaspace       used 57033K, capacity 58838K, committed 59008K, reserved 1099776K
  class space    used 7842K, capacity 8311K, committed 8320K, reserved 1048576K
}
Event: 17.938 GC heap before
{Heap before GC invocations=13 (full 2):
 PSYoungGen      total 155648K, used 53760K [0x00000000e0000000, 0x00000000eb700000, 0x0000000100000000)
  eden space 139776K, 27% used [0x00000000e0000000,0x00000000e2500f10,0x00000000e8880000)
  from space 15872K, 99% used [0x00000000e9d00000,0x00000000eac7f338,0x00000000eac80000)
  to   space 20992K, 0% used [0x00000000e8880000,0x00000000e8880000,0x00000000e9d00000)
 ParOldGen       total 122880K, used 32303K [0x00000000a0000000, 0x00000000a7800000, 0x00000000e0000000)
  object space 122880K, 26% used [0x00000000a0000000,0x00000000a1f8bd80,0x00000000a7800000)
 Metaspace       used 57216K, capacity 58974K, committed 59028K, reserved 1099776K
  class space    used 7855K, capacity 8323K, committed 8340K, reserved 1048576K
Event: 17.990 GC heap after
Heap after GC invocations=13 (full 2):
 PSYoungGen      total 160768K, used 17212K [0x00000000e0000000, 0x00000000ef080000, 0x0000000100000000)
  eden space 139776K, 0% used [0x00000000e0000000,0x00000000e0000000,0x00000000e8880000)
  from space 20992K, 81% used [0x00000000e8880000,0x00000000e994f2a8,0x00000000e9d00000)
  to   space 22016K, 0% used [0x00000000edb00000,0x00000000edb00000,0x00000000ef080000)
 ParOldGen       total 122880K, used 35807K [0x00000000a0000000, 0x00000000a7800000, 0x00000000e0000000)
  object space 122880K, 29% used [0x00000000a0000000,0x00000000a22f7c68,0x00000000a7800000)
 Metaspace       used 57216K, capacity 58974K, committed 59028K, reserved 1099776K
  class space    used 7855K, capacity 8323K, committed 8340K, reserved 1048576K
}
Event: 17.990 GC heap before
{Heap before GC invocations=14 (full 3):
 PSYoungGen      total 160768K, used 17212K [0x00000000e0000000, 0x00000000ef080000, 0x0000000100000000)
  eden space 139776K, 0% used [0x00000000e0000000,0x00000000e0000000,0x00000000e8880000)
  from space 20992K, 81% used [0x00000000e8880000,0x00000000e994f2a8,0x00000000e9d00000)
  to   space 22016K, 0% used [0x00000000edb00000,0x00000000edb00000,0x00000000ef080000)
 ParOldGen       total 122880K, used 35807K [0x00000000a0000000, 0x00000000a7800000, 0x00000000e0000000)
  object space 122880K, 29% used [0x00000000a0000000,0x00000000a22f7c68,0x00000000a7800000)
 Metaspace       used 57216K, capacity 58974K, committed 59028K, reserved 1099776K
  class space    used 7855K, capacity 8323K, committed 8340K, reserved 1048576K
Event: 18.367 GC heap after
Heap after GC invocations=14 (full 3):
 PSYoungGen      total 160768K, used 0K [0x00000000e0000000, 0x00000000ef080000, 0x0000000100000000)
  eden space 139776K, 0% used [0x00000000e0000000,0x00000000e0000000,0x00000000e8880000)
  from space 20992K, 0% used [0x00000000e8880000,0x00000000e8880000,0x00000000e9d00000)
  to   space 22016K, 0% used [0x00000000edb00000,0x00000000edb00000,0x00000000ef080000)
 ParOldGen       total 174080K, used 44291K [0x00000000a0000000, 0x00000000aaa00000, 0x00000000e0000000)
  object space 174080K, 25% used [0x00000000a0000000,0x00000000a2b40f40,0x00000000aaa00000)
 Metaspace       used 57216K, capacity 58974K, committed 59028K, reserved 1099776K
  class space    used 7855K, capacity 8323K, committed 8340K, reserved 1048576K
}

